0 info it worked if it ends with ok
1 verbose cli [ '/Users/tom.oates/.nvm/versions/node/v4.4.5/bin/node',
1 verbose cli   '/Users/tom.oates/.nvm/versions/node/v4.4.5/bin/npm',
1 verbose cli   'install',
1 verbose cli   '13.8.0' ]
2 info using npm@2.15.5
3 info using node@v4.4.5
4 verbose install initial load of /Users/tom.oates/github/a-basic-web-server-with-express-Toates345/package.json
5 verbose installManyTop reading scoped package data from /Users/tom.oates/github/a-basic-web-server-with-express-Toates345/node_modules/express/package.json
6 verbose readDependencies loading dependencies from /Users/tom.oates/github/a-basic-web-server-with-express-Toates345/package.json
7 silly cache add args [ '13.8.0', null ]
8 verbose cache add spec 13.8.0
9 silly cache add parsed spec Result {
9 silly cache add   raw: '13.8.0',
9 silly cache add   scope: null,
9 silly cache add   name: '13.8.0',
9 silly cache add   rawSpec: '',
9 silly cache add   spec: 'latest',
9 silly cache add   type: 'tag' }
10 silly addNamed 13.8.0@latest
11 verbose addNamed "latest" is being treated as a dist-tag for 13.8.0
12 info addNameTag [ '13.8.0', 'latest' ]
13 silly mapToRegistry name 13.8.0
14 silly mapToRegistry using default registry
15 silly mapToRegistry registry https://registry.npmjs.org/
16 silly mapToRegistry data Result {
16 silly mapToRegistry   raw: '13.8.0',
16 silly mapToRegistry   scope: null,
16 silly mapToRegistry   name: '13.8.0',
16 silly mapToRegistry   rawSpec: '',
16 silly mapToRegistry   spec: 'latest',
16 silly mapToRegistry   type: 'tag' }
17 silly mapToRegistry uri https://registry.npmjs.org/13.8.0
18 verbose addNameTag registry:https://registry.npmjs.org/13.8.0 not in flight; fetching
19 verbose request uri https://registry.npmjs.org/13.8.0
20 verbose request no auth needed
21 info attempt registry request try #1 at 8:49:11 AM
22 verbose request id db8223dc4b65bb6e
23 http request GET https://registry.npmjs.org/13.8.0
24 http 404 https://registry.npmjs.org/13.8.0
25 verbose headers { date: 'Mon, 13 Jul 2020 07:49:12 GMT',
25 verbose headers   'content-type': 'application/json',
25 verbose headers   'content-length': '21',
25 verbose headers   connection: 'keep-alive',
25 verbose headers   'set-cookie': [ '__cfduid=d1b0adc11a968f5e01d31d68b7e549f361594626551; expires=Wed, 12-Aug-20 07:49:11 GMT; path=/; domain=.npmjs.org; HttpOnly; SameSite=Lax' ],
25 verbose headers   'cf-ray': '5b2167eb1d2dd224-MAN',
25 verbose headers   vary: 'Accept-Encoding',
25 verbose headers   'cf-cache-status': 'MISS',
25 verbose headers   'cf-request-id': '03e8bf46ea0000d2242f187200000001',
25 verbose headers   'expect-ct': 'max-age=604800, report-uri="https://report-uri.cloudflare.com/cdn-cgi/beacon/expect-ct"',
25 verbose headers   server: 'cloudflare' }
26 silly get cb [ 404,
26 silly get   { date: 'Mon, 13 Jul 2020 07:49:12 GMT',
26 silly get     'content-type': 'application/json',
26 silly get     'content-length': '21',
26 silly get     connection: 'keep-alive',
26 silly get     'set-cookie': [ '__cfduid=d1b0adc11a968f5e01d31d68b7e549f361594626551; expires=Wed, 12-Aug-20 07:49:11 GMT; path=/; domain=.npmjs.org; HttpOnly; SameSite=Lax' ],
26 silly get     'cf-ray': '5b2167eb1d2dd224-MAN',
26 silly get     vary: 'Accept-Encoding',
26 silly get     'cf-cache-status': 'MISS',
26 silly get     'cf-request-id': '03e8bf46ea0000d2242f187200000001',
26 silly get     'expect-ct': 'max-age=604800, report-uri="https://report-uri.cloudflare.com/cdn-cgi/beacon/expect-ct"',
26 silly get     server: 'cloudflare' } ]
27 verbose stack Error: Not found : 13.8.0
27 verbose stack     at makeError (/Users/tom.oates/.nvm/versions/node/v4.4.5/lib/node_modules/npm/node_modules/npm-registry-client/lib/request.js:264:12)
27 verbose stack     at CachingRegistryClient.<anonymous> (/Users/tom.oates/.nvm/versions/node/v4.4.5/lib/node_modules/npm/node_modules/npm-registry-client/lib/request.js:252:14)
27 verbose stack     at Request._callback (/Users/tom.oates/.nvm/versions/node/v4.4.5/lib/node_modules/npm/node_modules/npm-registry-client/lib/request.js:172:14)
27 verbose stack     at Request.self.callback (/Users/tom.oates/.nvm/versions/node/v4.4.5/lib/node_modules/npm/node_modules/request/request.js:200:22)
27 verbose stack     at emitTwo (events.js:87:13)
27 verbose stack     at Request.emit (events.js:172:7)
27 verbose stack     at Request.<anonymous> (/Users/tom.oates/.nvm/versions/node/v4.4.5/lib/node_modules/npm/node_modules/request/request.js:1067:10)
27 verbose stack     at emitOne (events.js:82:20)
27 verbose stack     at Request.emit (events.js:169:7)
27 verbose stack     at IncomingMessage.<anonymous> (/Users/tom.oates/.nvm/versions/node/v4.4.5/lib/node_modules/npm/node_modules/request/request.js:988:12)
28 verbose statusCode 404
29 verbose pkgid 13.8.0
30 verbose cwd /Users/tom.oates/github/a-basic-web-server-with-express-Toates345/02-multiple-routes
31 error Darwin 18.7.0
32 error argv "/Users/tom.oates/.nvm/versions/node/v4.4.5/bin/node" "/Users/tom.oates/.nvm/versions/node/v4.4.5/bin/npm" "install" "13.8.0"
33 error node v4.4.5
34 error npm  v2.15.5
35 error code E404
36 error 404 Not found : 13.8.0
36 error 404
36 error 404 '13.8.0' is not in the npm registry.
36 error 404 You should bug the author to publish it (or use the name yourself!)
36 error 404
36 error 404 Note that you can also install from a
36 error 404 tarball, folder, http url, or git url.
37 verbose exit [ 1, true ]
